<?xml version="1.0" encoding="UTF-8"?>
<testsuite xmlns:xsi="http://www.w3.org/2001/XMLSchema-instance" xsi:noNamespaceSchemaLocation="https://maven.apache.org/surefire/maven-surefire-plugin/xsd/surefire-test-report.xsd" name="dev.danennis.ontrack.controller.DeparturesControllerTest" time="2.275" tests="1" errors="0" skipped="0" failures="0">
  <properties>
    <property name="gopherProxySet" value="false"/>
    <property name="awt.toolkit" value="sun.lwawt.macosx.LWCToolkit"/>
    <property name="file.encoding.pkg" value="sun.io"/>
    <property name="java.specification.version" value="1.8"/>
    <property name="sun.cpu.isalist" value=""/>
    <property name="sun.jnu.encoding" value="UTF-8"/>
    <property name="java.class.path" value="/Users/danielennis/Repositories/on-track/target/test-classes:/Users/danielennis/Repositories/on-track/target/classes:/Users/danielennis/.m2/repository/org/apache/cxf/cxf-rt-features-logging/3.3.0/cxf-rt-features-logging-3.3.0.jar:/Users/danielennis/.m2/repository/org/apache/cxf/cxf-core/3.3.0/cxf-core-3.3.0.jar:/Users/danielennis/.m2/repository/org/glassfish/jaxb/jaxb-runtime/2.3.2/jaxb-runtime-2.3.2.jar:/Users/danielennis/.m2/repository/org/glassfish/jaxb/txw2/2.3.2/txw2-2.3.2.jar:/Users/danielennis/.m2/repository/com/sun/istack/istack-commons-runtime/3.0.8/istack-commons-runtime-3.0.8.jar:/Users/danielennis/.m2/repository/org/jvnet/staxex/stax-ex/1.8.1/stax-ex-1.8.1.jar:/Users/danielennis/.m2/repository/com/sun/xml/fastinfoset/FastInfoset/1.2.16/FastInfoset-1.2.16.jar:/Users/danielennis/.m2/repository/com/fasterxml/woodstox/woodstox-core/5.0.3/woodstox-core-5.0.3.jar:/Users/danielennis/.m2/repository/org/codehaus/woodstox/stax2-api/3.1.4/stax2-api-3.1.4.jar:/Users/danielennis/.m2/repository/org/apache/ws/xmlschema/xmlschema-core/2.2.4/xmlschema-core-2.2.4.jar:/Users/danielennis/.m2/repository/org/glassfish/jaxb/jaxb-xjc/2.3.2/jaxb-xjc-2.3.2.jar:/Users/danielennis/.m2/repository/org/glassfish/jaxb/xsom/2.3.2/xsom-2.3.2.jar:/Users/danielennis/.m2/repository/org/glassfish/jaxb/codemodel/2.3.2/codemodel-2.3.2.jar:/Users/danielennis/.m2/repository/com/sun/xml/bind/external/rngom/2.3.2/rngom-2.3.2.jar:/Users/danielennis/.m2/repository/com/sun/xml/dtd-parser/dtd-parser/1.4.1/dtd-parser-1.4.1.jar:/Users/danielennis/.m2/repository/com/sun/istack/istack-commons-tools/3.0.8/istack-commons-tools-3.0.8.jar:/Users/danielennis/.m2/repository/org/apache/ant/ant/1.10.5/ant-1.10.5.jar:/Users/danielennis/.m2/repository/org/apache/ant/ant-launcher/1.10.5/ant-launcher-1.10.5.jar:/Users/danielennis/.m2/repository/com/sun/xml/bind/external/relaxng-datatype/2.3.2/relaxng-datatype-2.3.2.jar:/Users/danielennis/.m2/repository/org/slf4j/slf4j-api/1.7.25/slf4j-api-1.7.25.jar:/Users/danielennis/.m2/repository/org/apache/cxf/cxf-rt-frontend-jaxws/3.3.0/cxf-rt-frontend-jaxws-3.3.0.jar:/Users/danielennis/.m2/repository/xml-resolver/xml-resolver/1.2/xml-resolver-1.2.jar:/Users/danielennis/.m2/repository/org/ow2/asm/asm/7.0/asm-7.0.jar:/Users/danielennis/.m2/repository/org/apache/cxf/cxf-rt-bindings-soap/3.3.0/cxf-rt-bindings-soap-3.3.0.jar:/Users/danielennis/.m2/repository/org/apache/cxf/cxf-rt-wsdl/3.3.0/cxf-rt-wsdl-3.3.0.jar:/Users/danielennis/.m2/repository/wsdl4j/wsdl4j/1.6.3/wsdl4j-1.6.3.jar:/Users/danielennis/.m2/repository/org/apache/cxf/cxf-rt-databinding-jaxb/3.3.0/cxf-rt-databinding-jaxb-3.3.0.jar:/Users/danielennis/.m2/repository/org/apache/cxf/cxf-rt-bindings-xml/3.3.0/cxf-rt-bindings-xml-3.3.0.jar:/Users/danielennis/.m2/repository/org/apache/cxf/cxf-rt-frontend-simple/3.3.0/cxf-rt-frontend-simple-3.3.0.jar:/Users/danielennis/.m2/repository/org/apache/cxf/cxf-rt-ws-addr/3.3.0/cxf-rt-ws-addr-3.3.0.jar:/Users/danielennis/.m2/repository/org/apache/cxf/cxf-rt-ws-policy/3.3.0/cxf-rt-ws-policy-3.3.0.jar:/Users/danielennis/.m2/repository/org/apache/neethi/neethi/3.1.1/neethi-3.1.1.jar:/Users/danielennis/.m2/repository/org/apache/cxf/cxf-rt-transports-http/3.3.0/cxf-rt-transports-http-3.3.0.jar:/Users/danielennis/.m2/repository/org/springframework/boot/spring-boot-starter-web/2.3.0.BUILD-SNAPSHOT/spring-boot-starter-web-2.3.0.BUILD-SNAPSHOT.jar:/Users/danielennis/.m2/repository/org/springframework/boot/spring-boot-starter/2.3.0.BUILD-SNAPSHOT/spring-boot-starter-2.3.0.BUILD-SNAPSHOT.jar:/Users/danielennis/.m2/repository/org/springframework/boot/spring-boot/2.3.0.BUILD-SNAPSHOT/spring-boot-2.3.0.BUILD-SNAPSHOT.jar:/Users/danielennis/.m2/repository/org/springframework/boot/spring-boot-autoconfigure/2.3.0.BUILD-SNAPSHOT/spring-boot-autoconfigure-2.3.0.BUILD-SNAPSHOT.jar:/Users/danielennis/.m2/repository/org/springframework/boot/spring-boot-starter-logging/2.3.0.BUILD-SNAPSHOT/spring-boot-starter-logging-2.3.0.BUILD-SNAPSHOT.jar:/Users/danielennis/.m2/repository/ch/qos/logback/logback-classic/1.2.3/logback-classic-1.2.3.jar:/Users/danielennis/.m2/repository/ch/qos/logback/logback-core/1.2.3/logback-core-1.2.3.jar:/Users/danielennis/.m2/repository/org/apache/logging/log4j/log4j-to-slf4j/2.12.1/log4j-to-slf4j-2.12.1.jar:/Users/danielennis/.m2/repository/org/apache/logging/log4j/log4j-api/2.12.1/log4j-api-2.12.1.jar:/Users/danielennis/.m2/repository/org/slf4j/jul-to-slf4j/1.7.25/jul-to-slf4j-1.7.25.jar:/Users/danielennis/.m2/repository/jakarta/annotation/jakarta.annotation-api/1.3.5/jakarta.annotation-api-1.3.5.jar:/Users/danielennis/.m2/repository/org/yaml/snakeyaml/1.25/snakeyaml-1.25.jar:/Users/danielennis/.m2/repository/org/springframework/boot/spring-boot-starter-json/2.3.0.BUILD-SNAPSHOT/spring-boot-starter-json-2.3.0.BUILD-SNAPSHOT.jar:/Users/danielennis/.m2/repository/com/fasterxml/jackson/core/jackson-databind/2.10.1/jackson-databind-2.10.1.jar:/Users/danielennis/.m2/repository/com/fasterxml/jackson/core/jackson-annotations/2.10.1/jackson-annotations-2.10.1.jar:/Users/danielennis/.m2/repository/com/fasterxml/jackson/core/jackson-core/2.10.1/jackson-core-2.10.1.jar:/Users/danielennis/.m2/repository/com/fasterxml/jackson/datatype/jackson-datatype-jdk8/2.10.1/jackson-datatype-jdk8-2.10.1.jar:/Users/danielennis/.m2/repository/com/fasterxml/jackson/datatype/jackson-datatype-jsr310/2.10.1/jackson-datatype-jsr310-2.10.1.jar:/Users/danielennis/.m2/repository/com/fasterxml/jackson/module/jackson-module-parameter-names/2.10.1/jackson-module-parameter-names-2.10.1.jar:/Users/danielennis/.m2/repository/org/springframework/boot/spring-boot-starter-tomcat/2.3.0.BUILD-SNAPSHOT/spring-boot-starter-tomcat-2.3.0.BUILD-SNAPSHOT.jar:/Users/danielennis/.m2/repository/org/apache/tomcat/embed/tomcat-embed-core/9.0.30/tomcat-embed-core-9.0.30.jar:/Users/danielennis/.m2/repository/org/apache/tomcat/embed/tomcat-embed-el/9.0.30/tomcat-embed-el-9.0.30.jar:/Users/danielennis/.m2/repository/org/apache/tomcat/embed/tomcat-embed-websocket/9.0.30/tomcat-embed-websocket-9.0.30.jar:/Users/danielennis/.m2/repository/org/springframework/boot/spring-boot-starter-validation/2.3.0.BUILD-SNAPSHOT/spring-boot-starter-validation-2.3.0.BUILD-SNAPSHOT.jar:/Users/danielennis/.m2/repository/jakarta/validation/jakarta.validation-api/2.0.1/jakarta.validation-api-2.0.1.jar:/Users/danielennis/.m2/repository/org/hibernate/validator/hibernate-validator/6.1.0.Final/hibernate-validator-6.1.0.Final.jar:/Users/danielennis/.m2/repository/org/jboss/logging/jboss-logging/3.4.1.Final/jboss-logging-3.4.1.Final.jar:/Users/danielennis/.m2/repository/com/fasterxml/classmate/1.5.1/classmate-1.5.1.jar:/Users/danielennis/.m2/repository/org/springframework/spring-web/5.2.3.BUILD-SNAPSHOT/spring-web-5.2.3.BUILD-SNAPSHOT.jar:/Users/danielennis/.m2/repository/org/springframework/spring-beans/5.2.3.BUILD-SNAPSHOT/spring-beans-5.2.3.BUILD-SNAPSHOT.jar:/Users/danielennis/.m2/repository/org/springframework/spring-webmvc/5.2.3.BUILD-SNAPSHOT/spring-webmvc-5.2.3.BUILD-SNAPSHOT.jar:/Users/danielennis/.m2/repository/org/springframework/spring-aop/5.2.3.BUILD-SNAPSHOT/spring-aop-5.2.3.BUILD-SNAPSHOT.jar:/Users/danielennis/.m2/repository/org/springframework/spring-context/5.2.3.BUILD-SNAPSHOT/spring-context-5.2.3.BUILD-SNAPSHOT.jar:/Users/danielennis/.m2/repository/org/springframework/spring-expression/5.2.3.BUILD-SNAPSHOT/spring-expression-5.2.3.BUILD-SNAPSHOT.jar:/Users/danielennis/.m2/repository/org/springframework/boot/spring-boot-starter-test/2.3.0.BUILD-SNAPSHOT/spring-boot-starter-test-2.3.0.BUILD-SNAPSHOT.jar:/Users/danielennis/.m2/repository/org/springframework/boot/spring-boot-test/2.3.0.BUILD-SNAPSHOT/spring-boot-test-2.3.0.BUILD-SNAPSHOT.jar:/Users/danielennis/.m2/repository/org/springframework/boot/spring-boot-test-autoconfigure/2.3.0.BUILD-SNAPSHOT/spring-boot-test-autoconfigure-2.3.0.BUILD-SNAPSHOT.jar:/Users/danielennis/.m2/repository/com/jayway/jsonpath/json-path/2.4.0/json-path-2.4.0.jar:/Users/danielennis/.m2/repository/net/minidev/json-smart/2.3/json-smart-2.3.jar:/Users/danielennis/.m2/repository/net/minidev/accessors-smart/1.2/accessors-smart-1.2.jar:/Users/danielennis/.m2/repository/jakarta/xml/bind/jakarta.xml.bind-api/2.3.2/jakarta.xml.bind-api-2.3.2.jar:/Users/danielennis/.m2/repository/jakarta/activation/jakarta.activation-api/1.2.1/jakarta.activation-api-1.2.1.jar:/Users/danielennis/.m2/repository/org/junit/jupiter/junit-jupiter/5.5.2/junit-jupiter-5.5.2.jar:/Users/danielennis/.m2/repository/org/junit/jupiter/junit-jupiter-api/5.5.2/junit-jupiter-api-5.5.2.jar:/Users/danielennis/.m2/repository/org/apiguardian/apiguardian-api/1.1.0/apiguardian-api-1.1.0.jar:/Users/danielennis/.m2/repository/org/opentest4j/opentest4j/1.2.0/opentest4j-1.2.0.jar:/Users/danielennis/.m2/repository/org/junit/platform/junit-platform-commons/1.5.2/junit-platform-commons-1.5.2.jar:/Users/danielennis/.m2/repository/org/junit/jupiter/junit-jupiter-params/5.5.2/junit-jupiter-params-5.5.2.jar:/Users/danielennis/.m2/repository/org/junit/jupiter/junit-jupiter-engine/5.5.2/junit-jupiter-engine-5.5.2.jar:/Users/danielennis/.m2/repository/org/junit/platform/junit-platform-engine/1.5.2/junit-platform-engine-1.5.2.jar:/Users/danielennis/.m2/repository/org/mockito/mockito-junit-jupiter/3.2.0/mockito-junit-jupiter-3.2.0.jar:/Users/danielennis/.m2/repository/org/assertj/assertj-core/3.14.0/assertj-core-3.14.0.jar:/Users/danielennis/.m2/repository/org/hamcrest/hamcrest/2.2/hamcrest-2.2.jar:/Users/danielennis/.m2/repository/org/mockito/mockito-core/3.2.0/mockito-core-3.2.0.jar:/Users/danielennis/.m2/repository/net/bytebuddy/byte-buddy/1.10.4/byte-buddy-1.10.4.jar:/Users/danielennis/.m2/repository/net/bytebuddy/byte-buddy-agent/1.10.4/byte-buddy-agent-1.10.4.jar:/Users/danielennis/.m2/repository/org/objenesis/objenesis/2.6/objenesis-2.6.jar:/Users/danielennis/.m2/repository/org/skyscreamer/jsonassert/1.5.0/jsonassert-1.5.0.jar:/Users/danielennis/.m2/repository/org/springframework/spring-core/5.2.3.BUILD-SNAPSHOT/spring-core-5.2.3.BUILD-SNAPSHOT.jar:/Users/danielennis/.m2/repository/org/springframework/spring-jcl/5.2.3.BUILD-SNAPSHOT/spring-jcl-5.2.3.BUILD-SNAPSHOT.jar:/Users/danielennis/.m2/repository/org/springframework/spring-test/5.2.3.BUILD-SNAPSHOT/spring-test-5.2.3.BUILD-SNAPSHOT.jar:/Users/danielennis/.m2/repository/org/xmlunit/xmlunit-core/2.6.3/xmlunit-core-2.6.3.jar:/Users/danielennis/.m2/repository/com/vaadin/external/google/android-json/0.0.20131108.vaadin1/android-json-0.0.20131108.vaadin1.jar:/Users/danielennis/.m2/repository/org/projectlombok/lombok/1.18.10/lombok-1.18.10.jar:"/>
    <property name="java.vm.vendor" value="Oracle Corporation"/>
    <property name="sun.arch.data.model" value="64"/>
    <property name="java.vendor.url" value="http://java.oracle.com/"/>
    <property name="user.timezone" value=""/>
    <property name="java.vm.specification.version" value="1.8"/>
    <property name="os.name" value="Mac OS X"/>
    <property name="user.country" value="GB"/>
    <property name="sun.java.launcher" value="SUN_STANDARD"/>
    <property name="sun.boot.library.path" value="/Library/Java/JavaVirtualMachines/jdk1.8.0_221.jdk/Contents/Home/jre/lib"/>
    <property name="sun.java.command" value="/Users/danielennis/Repositories/on-track/target/surefire/surefirebooter5385940021024015963.jar /Users/danielennis/Repositories/on-track/target/surefire 2020-01-10T13-53-25_495-jvmRun1 surefire3812817304652976188tmp surefire_05364165560331681450tmp"/>
    <property name="http.nonProxyHosts" value="local|*.local|169.254/16|*.169.254/16"/>
    <property name="surefire.test.class.path" value="/Users/danielennis/Repositories/on-track/target/test-classes:/Users/danielennis/Repositories/on-track/target/classes:/Users/danielennis/.m2/repository/org/apache/cxf/cxf-rt-features-logging/3.3.0/cxf-rt-features-logging-3.3.0.jar:/Users/danielennis/.m2/repository/org/apache/cxf/cxf-core/3.3.0/cxf-core-3.3.0.jar:/Users/danielennis/.m2/repository/org/glassfish/jaxb/jaxb-runtime/2.3.2/jaxb-runtime-2.3.2.jar:/Users/danielennis/.m2/repository/org/glassfish/jaxb/txw2/2.3.2/txw2-2.3.2.jar:/Users/danielennis/.m2/repository/com/sun/istack/istack-commons-runtime/3.0.8/istack-commons-runtime-3.0.8.jar:/Users/danielennis/.m2/repository/org/jvnet/staxex/stax-ex/1.8.1/stax-ex-1.8.1.jar:/Users/danielennis/.m2/repository/com/sun/xml/fastinfoset/FastInfoset/1.2.16/FastInfoset-1.2.16.jar:/Users/danielennis/.m2/repository/com/fasterxml/woodstox/woodstox-core/5.0.3/woodstox-core-5.0.3.jar:/Users/danielennis/.m2/repository/org/codehaus/woodstox/stax2-api/3.1.4/stax2-api-3.1.4.jar:/Users/danielennis/.m2/repository/org/apache/ws/xmlschema/xmlschema-core/2.2.4/xmlschema-core-2.2.4.jar:/Users/danielennis/.m2/repository/org/glassfish/jaxb/jaxb-xjc/2.3.2/jaxb-xjc-2.3.2.jar:/Users/danielennis/.m2/repository/org/glassfish/jaxb/xsom/2.3.2/xsom-2.3.2.jar:/Users/danielennis/.m2/repository/org/glassfish/jaxb/codemodel/2.3.2/codemodel-2.3.2.jar:/Users/danielennis/.m2/repository/com/sun/xml/bind/external/rngom/2.3.2/rngom-2.3.2.jar:/Users/danielennis/.m2/repository/com/sun/xml/dtd-parser/dtd-parser/1.4.1/dtd-parser-1.4.1.jar:/Users/danielennis/.m2/repository/com/sun/istack/istack-commons-tools/3.0.8/istack-commons-tools-3.0.8.jar:/Users/danielennis/.m2/repository/org/apache/ant/ant/1.10.5/ant-1.10.5.jar:/Users/danielennis/.m2/repository/org/apache/ant/ant-launcher/1.10.5/ant-launcher-1.10.5.jar:/Users/danielennis/.m2/repository/com/sun/xml/bind/external/relaxng-datatype/2.3.2/relaxng-datatype-2.3.2.jar:/Users/danielennis/.m2/repository/org/slf4j/slf4j-api/1.7.25/slf4j-api-1.7.25.jar:/Users/danielennis/.m2/repository/org/apache/cxf/cxf-rt-frontend-jaxws/3.3.0/cxf-rt-frontend-jaxws-3.3.0.jar:/Users/danielennis/.m2/repository/xml-resolver/xml-resolver/1.2/xml-resolver-1.2.jar:/Users/danielennis/.m2/repository/org/ow2/asm/asm/7.0/asm-7.0.jar:/Users/danielennis/.m2/repository/org/apache/cxf/cxf-rt-bindings-soap/3.3.0/cxf-rt-bindings-soap-3.3.0.jar:/Users/danielennis/.m2/repository/org/apache/cxf/cxf-rt-wsdl/3.3.0/cxf-rt-wsdl-3.3.0.jar:/Users/danielennis/.m2/repository/wsdl4j/wsdl4j/1.6.3/wsdl4j-1.6.3.jar:/Users/danielennis/.m2/repository/org/apache/cxf/cxf-rt-databinding-jaxb/3.3.0/cxf-rt-databinding-jaxb-3.3.0.jar:/Users/danielennis/.m2/repository/org/apache/cxf/cxf-rt-bindings-xml/3.3.0/cxf-rt-bindings-xml-3.3.0.jar:/Users/danielennis/.m2/repository/org/apache/cxf/cxf-rt-frontend-simple/3.3.0/cxf-rt-frontend-simple-3.3.0.jar:/Users/danielennis/.m2/repository/org/apache/cxf/cxf-rt-ws-addr/3.3.0/cxf-rt-ws-addr-3.3.0.jar:/Users/danielennis/.m2/repository/org/apache/cxf/cxf-rt-ws-policy/3.3.0/cxf-rt-ws-policy-3.3.0.jar:/Users/danielennis/.m2/repository/org/apache/neethi/neethi/3.1.1/neethi-3.1.1.jar:/Users/danielennis/.m2/repository/org/apache/cxf/cxf-rt-transports-http/3.3.0/cxf-rt-transports-http-3.3.0.jar:/Users/danielennis/.m2/repository/org/springframework/boot/spring-boot-starter-web/2.3.0.BUILD-SNAPSHOT/spring-boot-starter-web-2.3.0.BUILD-SNAPSHOT.jar:/Users/danielennis/.m2/repository/org/springframework/boot/spring-boot-starter/2.3.0.BUILD-SNAPSHOT/spring-boot-starter-2.3.0.BUILD-SNAPSHOT.jar:/Users/danielennis/.m2/repository/org/springframework/boot/spring-boot/2.3.0.BUILD-SNAPSHOT/spring-boot-2.3.0.BUILD-SNAPSHOT.jar:/Users/danielennis/.m2/repository/org/springframework/boot/spring-boot-autoconfigure/2.3.0.BUILD-SNAPSHOT/spring-boot-autoconfigure-2.3.0.BUILD-SNAPSHOT.jar:/Users/danielennis/.m2/repository/org/springframework/boot/spring-boot-starter-logging/2.3.0.BUILD-SNAPSHOT/spring-boot-starter-logging-2.3.0.BUILD-SNAPSHOT.jar:/Users/danielennis/.m2/repository/ch/qos/logback/logback-classic/1.2.3/logback-classic-1.2.3.jar:/Users/danielennis/.m2/repository/ch/qos/logback/logback-core/1.2.3/logback-core-1.2.3.jar:/Users/danielennis/.m2/repository/org/apache/logging/log4j/log4j-to-slf4j/2.12.1/log4j-to-slf4j-2.12.1.jar:/Users/danielennis/.m2/repository/org/apache/logging/log4j/log4j-api/2.12.1/log4j-api-2.12.1.jar:/Users/danielennis/.m2/repository/org/slf4j/jul-to-slf4j/1.7.25/jul-to-slf4j-1.7.25.jar:/Users/danielennis/.m2/repository/jakarta/annotation/jakarta.annotation-api/1.3.5/jakarta.annotation-api-1.3.5.jar:/Users/danielennis/.m2/repository/org/yaml/snakeyaml/1.25/snakeyaml-1.25.jar:/Users/danielennis/.m2/repository/org/springframework/boot/spring-boot-starter-json/2.3.0.BUILD-SNAPSHOT/spring-boot-starter-json-2.3.0.BUILD-SNAPSHOT.jar:/Users/danielennis/.m2/repository/com/fasterxml/jackson/core/jackson-databind/2.10.1/jackson-databind-2.10.1.jar:/Users/danielennis/.m2/repository/com/fasterxml/jackson/core/jackson-annotations/2.10.1/jackson-annotations-2.10.1.jar:/Users/danielennis/.m2/repository/com/fasterxml/jackson/core/jackson-core/2.10.1/jackson-core-2.10.1.jar:/Users/danielennis/.m2/repository/com/fasterxml/jackson/datatype/jackson-datatype-jdk8/2.10.1/jackson-datatype-jdk8-2.10.1.jar:/Users/danielennis/.m2/repository/com/fasterxml/jackson/datatype/jackson-datatype-jsr310/2.10.1/jackson-datatype-jsr310-2.10.1.jar:/Users/danielennis/.m2/repository/com/fasterxml/jackson/module/jackson-module-parameter-names/2.10.1/jackson-module-parameter-names-2.10.1.jar:/Users/danielennis/.m2/repository/org/springframework/boot/spring-boot-starter-tomcat/2.3.0.BUILD-SNAPSHOT/spring-boot-starter-tomcat-2.3.0.BUILD-SNAPSHOT.jar:/Users/danielennis/.m2/repository/org/apache/tomcat/embed/tomcat-embed-core/9.0.30/tomcat-embed-core-9.0.30.jar:/Users/danielennis/.m2/repository/org/apache/tomcat/embed/tomcat-embed-el/9.0.30/tomcat-embed-el-9.0.30.jar:/Users/danielennis/.m2/repository/org/apache/tomcat/embed/tomcat-embed-websocket/9.0.30/tomcat-embed-websocket-9.0.30.jar:/Users/danielennis/.m2/repository/org/springframework/boot/spring-boot-starter-validation/2.3.0.BUILD-SNAPSHOT/spring-boot-starter-validation-2.3.0.BUILD-SNAPSHOT.jar:/Users/danielennis/.m2/repository/jakarta/validation/jakarta.validation-api/2.0.1/jakarta.validation-api-2.0.1.jar:/Users/danielennis/.m2/repository/org/hibernate/validator/hibernate-validator/6.1.0.Final/hibernate-validator-6.1.0.Final.jar:/Users/danielennis/.m2/repository/org/jboss/logging/jboss-logging/3.4.1.Final/jboss-logging-3.4.1.Final.jar:/Users/danielennis/.m2/repository/com/fasterxml/classmate/1.5.1/classmate-1.5.1.jar:/Users/danielennis/.m2/repository/org/springframework/spring-web/5.2.3.BUILD-SNAPSHOT/spring-web-5.2.3.BUILD-SNAPSHOT.jar:/Users/danielennis/.m2/repository/org/springframework/spring-beans/5.2.3.BUILD-SNAPSHOT/spring-beans-5.2.3.BUILD-SNAPSHOT.jar:/Users/danielennis/.m2/repository/org/springframework/spring-webmvc/5.2.3.BUILD-SNAPSHOT/spring-webmvc-5.2.3.BUILD-SNAPSHOT.jar:/Users/danielennis/.m2/repository/org/springframework/spring-aop/5.2.3.BUILD-SNAPSHOT/spring-aop-5.2.3.BUILD-SNAPSHOT.jar:/Users/danielennis/.m2/repository/org/springframework/spring-context/5.2.3.BUILD-SNAPSHOT/spring-context-5.2.3.BUILD-SNAPSHOT.jar:/Users/danielennis/.m2/repository/org/springframework/spring-expression/5.2.3.BUILD-SNAPSHOT/spring-expression-5.2.3.BUILD-SNAPSHOT.jar:/Users/danielennis/.m2/repository/org/springframework/boot/spring-boot-starter-test/2.3.0.BUILD-SNAPSHOT/spring-boot-starter-test-2.3.0.BUILD-SNAPSHOT.jar:/Users/danielennis/.m2/repository/org/springframework/boot/spring-boot-test/2.3.0.BUILD-SNAPSHOT/spring-boot-test-2.3.0.BUILD-SNAPSHOT.jar:/Users/danielennis/.m2/repository/org/springframework/boot/spring-boot-test-autoconfigure/2.3.0.BUILD-SNAPSHOT/spring-boot-test-autoconfigure-2.3.0.BUILD-SNAPSHOT.jar:/Users/danielennis/.m2/repository/com/jayway/jsonpath/json-path/2.4.0/json-path-2.4.0.jar:/Users/danielennis/.m2/repository/net/minidev/json-smart/2.3/json-smart-2.3.jar:/Users/danielennis/.m2/repository/net/minidev/accessors-smart/1.2/accessors-smart-1.2.jar:/Users/danielennis/.m2/repository/jakarta/xml/bind/jakarta.xml.bind-api/2.3.2/jakarta.xml.bind-api-2.3.2.jar:/Users/danielennis/.m2/repository/jakarta/activation/jakarta.activation-api/1.2.1/jakarta.activation-api-1.2.1.jar:/Users/danielennis/.m2/repository/org/junit/jupiter/junit-jupiter/5.5.2/junit-jupiter-5.5.2.jar:/Users/danielennis/.m2/repository/org/junit/jupiter/junit-jupiter-api/5.5.2/junit-jupiter-api-5.5.2.jar:/Users/danielennis/.m2/repository/org/apiguardian/apiguardian-api/1.1.0/apiguardian-api-1.1.0.jar:/Users/danielennis/.m2/repository/org/opentest4j/opentest4j/1.2.0/opentest4j-1.2.0.jar:/Users/danielennis/.m2/repository/org/junit/platform/junit-platform-commons/1.5.2/junit-platform-commons-1.5.2.jar:/Users/danielennis/.m2/repository/org/junit/jupiter/junit-jupiter-params/5.5.2/junit-jupiter-params-5.5.2.jar:/Users/danielennis/.m2/repository/org/junit/jupiter/junit-jupiter-engine/5.5.2/junit-jupiter-engine-5.5.2.jar:/Users/danielennis/.m2/repository/org/junit/platform/junit-platform-engine/1.5.2/junit-platform-engine-1.5.2.jar:/Users/danielennis/.m2/repository/org/mockito/mockito-junit-jupiter/3.2.0/mockito-junit-jupiter-3.2.0.jar:/Users/danielennis/.m2/repository/org/assertj/assertj-core/3.14.0/assertj-core-3.14.0.jar:/Users/danielennis/.m2/repository/org/hamcrest/hamcrest/2.2/hamcrest-2.2.jar:/Users/danielennis/.m2/repository/org/mockito/mockito-core/3.2.0/mockito-core-3.2.0.jar:/Users/danielennis/.m2/repository/net/bytebuddy/byte-buddy/1.10.4/byte-buddy-1.10.4.jar:/Users/danielennis/.m2/repository/net/bytebuddy/byte-buddy-agent/1.10.4/byte-buddy-agent-1.10.4.jar:/Users/danielennis/.m2/repository/org/objenesis/objenesis/2.6/objenesis-2.6.jar:/Users/danielennis/.m2/repository/org/skyscreamer/jsonassert/1.5.0/jsonassert-1.5.0.jar:/Users/danielennis/.m2/repository/org/springframework/spring-core/5.2.3.BUILD-SNAPSHOT/spring-core-5.2.3.BUILD-SNAPSHOT.jar:/Users/danielennis/.m2/repository/org/springframework/spring-jcl/5.2.3.BUILD-SNAPSHOT/spring-jcl-5.2.3.BUILD-SNAPSHOT.jar:/Users/danielennis/.m2/repository/org/springframework/spring-test/5.2.3.BUILD-SNAPSHOT/spring-test-5.2.3.BUILD-SNAPSHOT.jar:/Users/danielennis/.m2/repository/org/xmlunit/xmlunit-core/2.6.3/xmlunit-core-2.6.3.jar:/Users/danielennis/.m2/repository/com/vaadin/external/google/android-json/0.0.20131108.vaadin1/android-json-0.0.20131108.vaadin1.jar:/Users/danielennis/.m2/repository/org/projectlombok/lombok/1.18.10/lombok-1.18.10.jar:"/>
    <property name="sun.cpu.endian" value="little"/>
    <property name="user.home" value="/Users/danielennis"/>
    <property name="user.language" value="en"/>
    <property name="java.specification.vendor" value="Oracle Corporation"/>
    <property name="java.home" value="/Library/Java/JavaVirtualMachines/jdk1.8.0_221.jdk/Contents/Home/jre"/>
    <property name="basedir" value="/Users/danielennis/Repositories/on-track"/>
    <property name="file.separator" value="/"/>
    <property name="line.separator" value="&#10;"/>
    <property name="java.vm.specification.vendor" value="Oracle Corporation"/>
    <property name="java.specification.name" value="Java Platform API Specification"/>
    <property name="java.awt.graphicsenv" value="sun.awt.CGraphicsEnvironment"/>
    <property name="surefire.real.class.path" value="/Users/danielennis/Repositories/on-track/target/surefire/surefirebooter5385940021024015963.jar"/>
    <property name="sun.boot.class.path" value="/Library/Java/JavaVirtualMachines/jdk1.8.0_221.jdk/Contents/Home/jre/lib/resources.jar:/Library/Java/JavaVirtualMachines/jdk1.8.0_221.jdk/Contents/Home/jre/lib/rt.jar:/Library/Java/JavaVirtualMachines/jdk1.8.0_221.jdk/Contents/Home/jre/lib/sunrsasign.jar:/Library/Java/JavaVirtualMachines/jdk1.8.0_221.jdk/Contents/Home/jre/lib/jsse.jar:/Library/Java/JavaVirtualMachines/jdk1.8.0_221.jdk/Contents/Home/jre/lib/jce.jar:/Library/Java/JavaVirtualMachines/jdk1.8.0_221.jdk/Contents/Home/jre/lib/charsets.jar:/Library/Java/JavaVirtualMachines/jdk1.8.0_221.jdk/Contents/Home/jre/lib/jfr.jar:/Library/Java/JavaVirtualMachines/jdk1.8.0_221.jdk/Contents/Home/jre/classes"/>
    <property name="sun.management.compiler" value="HotSpot 64-Bit Tiered Compilers"/>
    <property name="ftp.nonProxyHosts" value="local|*.local|169.254/16|*.169.254/16"/>
    <property name="java.runtime.version" value="1.8.0_221-b11"/>
    <property name="user.name" value="danielennis"/>
    <property name="path.separator" value=":"/>
    <property name="os.version" value="10.15.2"/>
    <property name="java.endorsed.dirs" value="/Library/Java/JavaVirtualMachines/jdk1.8.0_221.jdk/Contents/Home/jre/lib/endorsed"/>
    <property name="java.runtime.name" value="Java(TM) SE Runtime Environment"/>
    <property name="file.encoding" value="UTF-8"/>
    <property name="java.vm.name" value="Java HotSpot(TM) 64-Bit Server VM"/>
    <property name="localRepository" value="/Users/danielennis/.m2/repository"/>
    <property name="java.vendor.url.bug" value="http://bugreport.sun.com/bugreport/"/>
    <property name="java.io.tmpdir" value="/var/folders/st/s__tdfg93x34jxddfz0k3q900000gn/T/"/>
    <property name="java.version" value="1.8.0_221"/>
    <property name="user.dir" value="/Users/danielennis/Repositories/on-track"/>
    <property name="os.arch" value="x86_64"/>
    <property name="java.vm.specification.name" value="Java Virtual Machine Specification"/>
    <property name="java.awt.printerjob" value="sun.lwawt.macosx.CPrinterJob"/>
    <property name="sun.os.patch.level" value="unknown"/>
    <property name="java.library.path" value="/Users/danielennis/Library/Java/Extensions:/Library/Java/Extensions:/Network/Library/Java/Extensions:/System/Library/Java/Extensions:/usr/lib/java:."/>
    <property name="java.vm.info" value="mixed mode"/>
    <property name="java.vendor" value="Oracle Corporation"/>
    <property name="java.vm.version" value="25.221-b11"/>
    <property name="java.ext.dirs" value="/Users/danielennis/Library/Java/Extensions:/Library/Java/JavaVirtualMachines/jdk1.8.0_221.jdk/Contents/Home/jre/lib/ext:/Library/Java/Extensions:/Network/Library/Java/Extensions:/System/Library/Java/Extensions:/usr/lib/java"/>
    <property name="sun.io.unicode.encoding" value="UnicodeBig"/>
    <property name="java.class.version" value="52.0"/>
    <property name="socksNonProxyHosts" value="local|*.local|169.254/16|*.169.254/16"/>
  </properties>
  <testcase name="doesReturnDepartures" classname="dev.danennis.ontrack.controller.DeparturesControllerTest" time="0.198"/>
</testsuite>